=== 2026-02-03 15:18:01 ===
Vision: Enhanced Content Production (FULL PINCH-TO-POST INTEGRATION)
Task: Vision Heartbeat

📊 Running Daily Content Operations...

Content Statistics:
[0;32m=== Content Statistics ===[0m

[1;33mWarning: No URL configured for 'crashcasino'[0m
[1;33mWarning: No URL configured for 'crashgame'[0m
[1;33mWarning: No URL configured for 'freecrash'[0m
[1;33mWarning: No URL configured for 'cryptocrash'[0m
[0;32m=== Total Across All Sites ===[0m
  Published: [0;32m0[0m
  Drafts: [1;33m0[0m
  Pending: 0
  Scheduled: 0

Pending Comments:
[crashcasino]
[0;31mError: No URL configured for 'crashcasino'[0m
[crashgame]
[0;31mError: No URL configured for 'crashgame'[0m
[freecrash]
[0;31mError: No URL configured for 'freecrash'[0m
[cryptocrash]
[0;31mError: No URL configured for 'cryptocrash'[0m

Today's Calendar:
[0;32m=== Content Calendar: 2026-02 ===[0m

[1;33mWarning: No URL configured for 'crashcasino'[0m
[1;33mWarning: No URL configured for 'crashgame'[0m
[1;33mWarning: No URL configured for 'freecrash'[0m
[1;33mWarning: No URL configured for 'cryptocrash'[0m
WARNING: Brief not found for task cron
Skipping content production...
=== 2026-02-03 15:21:01 ===
Fury: Enhanced Research & Editing (FULL PINCH-TO-POST INTEGRATION)
Task: Fury Heartbeat

💬 Daily Comment Moderation...

[crashcasino] Checking for spam...
[0;31mError: No URL configured for 'crashcasino'[0m

[crashgame] Checking for spam...
[0;31mError: No URL configured for 'crashgame'[0m

[freecrash] Checking for spam...
[0;31mError: No URL configured for 'freecrash'[0m

[cryptocrash] Checking for spam...
[0;31mError: No URL configured for 'cryptocrash'[0m


✅ Fury workflow complete
=== 2026-02-03 15:24:01 ===
Quill: Enhanced Publishing & Marketing (FULL PINCH-TO-POST INTEGRATION)
Task: Quill Heartbeat

📅 Daily Publishing Schedule Review...

Today's Content Calendar:
[0;32m=== Content Calendar: 2026-02 ===[0m

[1;33mWarning: No URL configured for 'crashcasino'[0m
[1;33mWarning: No URL configured for 'crashgame'[0m
[1;33mWarning: No URL configured for 'freecrash'[0m
[1;33mWarning: No URL configured for 'cryptocrash'[0m

Current Statistics:
[0;32m=== Content Statistics ===[0m

[1;33mWarning: No URL configured for 'crashcasino'[0m
[1;33mWarning: No URL configured for 'crashgame'[0m
[1;33mWarning: No URL configured for 'freecrash'[0m
[1;33mWarning: No URL configured for 'cryptocrash'[0m
[0;32m=== Total Across All Sites ===[0m
  Published: [0;32m0[0m
  Drafts: [1;33m0[0m
  Pending: 0
  Scheduled: 0

✅ Quill workflow complete
=== 2026-02-03 15:33:02 ===
Vision: Enhanced Content Production (FULL PINCH-TO-POST INTEGRATION)
Task: Vision Heartbeat

📊 Running Daily Content Operations...

Content Statistics:
[0;32m=== Content Statistics ===[0m

[1;33mWarning: No URL configured for 'crashcasino'[0m
[1;33mWarning: No URL configured for 'crashgame'[0m
[1;33mWarning: No URL configured for 'freecrash'[0m
[1;33mWarning: No URL configured for 'cryptocrash'[0m
[0;32m=== Total Across All Sites ===[0m
  Published: [0;32m0[0m
  Drafts: [1;33m0[0m
  Pending: 0
  Scheduled: 0

Pending Comments:
[crashcasino]
[0;31mError: No URL configured for 'crashcasino'[0m
[crashgame]
[0;31mError: No URL configured for 'crashgame'[0m
[freecrash]
[0;31mError: No URL configured for 'freecrash'[0m
[cryptocrash]
[0;31mError: No URL configured for 'cryptocrash'[0m

Today's Calendar:
[0;32m=== Content Calendar: 2026-02 ===[0m

[1;33mWarning: No URL configured for 'crashcasino'[0m
[1;33mWarning: No URL configured for 'crashgame'[0m
[1;33mWarning: No URL configured for 'freecrash'[0m
[1;33mWarning: No URL configured for 'cryptocrash'[0m
WARNING: Brief not found for task cron
Skipping content production...
=== 2026-02-03 15:36:01 ===
Fury: Enhanced Research & Editing (FULL PINCH-TO-POST INTEGRATION)
Task: Fury Heartbeat

💬 Daily Comment Moderation...

[crashcasino] Checking for spam...
[0;31mError: No URL configured for 'crashcasino'[0m

[crashgame] Checking for spam...
[0;31mError: No URL configured for 'crashgame'[0m

[freecrash] Checking for spam...
[0;31mError: No URL configured for 'freecrash'[0m

[cryptocrash] Checking for spam...
[0;31mError: No URL configured for 'cryptocrash'[0m


✅ Fury workflow complete
=== 2026-02-03 15:39:01 ===
Quill: Enhanced Publishing & Marketing (FULL PINCH-TO-POST INTEGRATION)
Task: Quill Heartbeat

📅 Daily Publishing Schedule Review...

Today's Content Calendar:
[0;32m=== Content Calendar: 2026-02 ===[0m

[1;33mWarning: No URL configured for 'crashcasino'[0m
[1;33mWarning: No URL configured for 'crashgame'[0m
[1;33mWarning: No URL configured for 'freecrash'[0m
[1;33mWarning: No URL configured for 'cryptocrash'[0m

Current Statistics:
[0;32m=== Content Statistics ===[0m

[1;33mWarning: No URL configured for 'crashcasino'[0m
[1;33mWarning: No URL configured for 'crashgame'[0m
[1;33mWarning: No URL configured for 'freecrash'[0m
[1;33mWarning: No URL configured for 'cryptocrash'[0m
[0;32m=== Total Across All Sites ===[0m
  Published: [0;32m0[0m
  Drafts: [1;33m0[0m
  Pending: 0
  Scheduled: 0

✅ Quill workflow complete
