=== 2026-02-02 20:24:49 ===
Fury: SERP Analysis (INTEGRATED WITH PERPLEXITY)
Task: Week 2 SERP Analysis
ERROR: Could not extract keywords from task title
Expected format: 'SERP Analysis for: keyword1, keyword2'
=== 2026-02-02 20:25:24 ===
Fury: SERP Analysis (INTEGRATED WITH PERPLEXITY)
Task: Week 2 SERP Analysis
Keywords to analyze: Analyze keywords for 5 Week 2 articles: crash casino bonus, crypto vs fiat, crash gambling strategy, crash casinos uk, aviator predictor
Starting Perplexity research...

Researching keyword: Analyze keywords for 5 Week 2 articles: crash casino bonus
Query: Top 10 ranking articles for 'Analyze keywords for 5 Week 2 articles: crash casino bonus', their word count, backlink profile estimate, content gaps, and SEO opportunities
SERP analysis saved to: /root/.openclaw/workspace/tasks/research/js7af8n4b3gjfaht1n40c6hgdx80czxr/Analyze_keywords_for_5_Week_2_articles:_crash_casino_bonus_serp_analysis.txt
Extracting key insights...
Completed keyword: Analyze keywords for 5 Week 2 articles: crash casino bonus

Researching keyword: crypto vs fiat
Query: Top 10 ranking articles for 'crypto vs fiat', their word count, backlink profile estimate, content gaps, and SEO opportunities
SERP analysis saved to: /root/.openclaw/workspace/tasks/research/js7af8n4b3gjfaht1n40c6hgdx80czxr/crypto_vs_fiat_serp_analysis.txt
Extracting key insights...
Completed keyword: crypto vs fiat

Researching keyword: crash gambling strategy
Query: Top 10 ranking articles for 'crash gambling strategy', their word count, backlink profile estimate, content gaps, and SEO opportunities
SERP analysis saved to: /root/.openclaw/workspace/tasks/research/js7af8n4b3gjfaht1n40c6hgdx80czxr/crash_gambling_strategy_serp_analysis.txt
Extracting key insights...
Completed keyword: crash gambling strategy

Researching keyword: crash casinos uk
Query: Top 10 ranking articles for 'crash casinos uk', their word count, backlink profile estimate, content gaps, and SEO opportunities
SERP analysis saved to: /root/.openclaw/workspace/tasks/research/js7af8n4b3gjfaht1n40c6hgdx80czxr/crash_casinos_uk_serp_analysis.txt
Extracting key insights...
Completed keyword: crash casinos uk

Researching keyword: aviator predictor
Query: Top 10 ranking articles for 'aviator predictor', their word count, backlink profile estimate, content gaps, and SEO opportunities
SERP analysis saved to: /root/.openclaw/workspace/tasks/research/js7af8n4b3gjfaht1n40c6hgdx80czxr/aviator_predictor_serp_analysis.txt
Extracting key insights...
Completed keyword: aviator predictor

=== SERP Analysis Complete ===
Total keywords analyzed: 5
Results saved to: /root/.openclaw/workspace/tasks/research/js7af8n4b3gjfaht1n40c6hgdx80czxr
SERP analysis summary created: /root/.openclaw/workspace/tasks/research/js7af8n4b3gjfaht1n40c6hgdx80czxr/SERP_Analysis_Summary.md
SERP analysis complete
