=== WordPress Republication - HTML Fix ===
Date: 2026-02-02 21:37:42

ERROR: WordPress credentials not found
=== WordPress Republication - HTML Fix ===
Date: 2026-02-02 21:38:12

Fetching published posts from crashcasino.io...
Found 9 published posts

[1/9] Post ID: 817
    Title: Crash Casino Scams: 7 Red Flags That Scream &#8216;Rogue Site&#8217;
    Slug: crash-casino-scams-7-red-flags-that-scream-rogue-site
    WARNING: No markdown file found, skipping

[2/9] Post ID: 816
    Title: How to Choose a Safe Crash Casino (2026 Checklist)
    Slug: how-to-choose-a-safe-crash-casino-2026-checklist
    WARNING: No markdown file found, skipping

[3/9] Post ID: 787
    Title: Safe Crash Gambling: Red Flags to Avoid in 2026
    Slug: safe-crash-gambling-red-flags-2026
    WARNING: No markdown file found, skipping

[4/9] Post ID: 786
    Title: Crash Gambling RTP: House Edge Explained
    Slug: crash-gambling-rtp-house-edge-explained
    WARNING: No markdown file found, skipping

[5/9] Post ID: 785
    Title: Crash Casino Bonuses: Maximize Your First Deposit in 2026
    Slug: crash-casino-bonuses-guide-2026
    WARNING: No markdown file found, skipping

[6/9] Post ID: 784
    Title: Best Crash Casinos 2026: Safe &#038; Verified Sites
    Slug: best-crash-casinos-2026
    WARNING: No markdown file found, skipping

[7/9] Post ID: 783
    Title: Provably Fair Crash Games: How to Verify Game Integrity in 2026
    Slug: provably-fair-crash-games-verification
    WARNING: No markdown file found, skipping

[8/9] Post ID: 779
    Title: Is Crash Gambling Legal in the US? A State-by-State Guide
    Slug: is-crash-gambling-legal-in-the-us-a-state-by-state-guide
    WARNING: No markdown file found, skipping

[9/9] Post ID: 776
    Title: Crash Gambling 101: How to Play &#038; Win (Beginner&#8217;s Guide)
    Slug: crash-gambling-101-how-to-play-win-beginner-s-guide
    WARNING: No markdown file found, skipping

=== Republication Summary ===
✅ Successfully updated: 0
❌ Failed: 9
📊 Total processed: 9

⚠️  No articles were updated
