📡 Monitoring for scraper files...
Checking every 30 seconds

📦 New file ready: Baden_baden_5perbrand_20260213_122903.json
-rw-r--r-- 1 root root 25K Feb 13 12:30 /root/.openclaw/workspace/research/bathroom-products/Baden_baden_5perbrand_20260213_122903.json
📤 Ready to send via Telegram

📦 New file ready: Baden_5perbrand_20260213_122903.json
-rw-r--r-- 1 root root 36K Feb 13 12:35 /root/.openclaw/workspace/research/bathroom-products/Baden_5perbrand_20260213_122903.json
📤 Ready to send via Telegram

📦 New file ready: Douche_nl-be_5perbrand_20260213_122903.json
-rw-r--r-- 1 root root 15K Feb 13 12:35 /root/.openclaw/workspace/research/bathroom-products/Douche_nl-be_5perbrand_20260213_122903.json
📤 Ready to send via Telegram

📦 New file ready: Douche_5perbrand_20260213_122903.json
-rw-r--r-- 1 root root 34K Feb 13 12:37 /root/.openclaw/workspace/research/bathroom-products/Douche_5perbrand_20260213_122903.json
📤 Ready to send via Telegram

📦 New file ready: Douche_douche_5perbrand_20260213_122903.json
-rw-r--r-- 1 root root 18K Feb 13 12:37 /root/.openclaw/workspace/research/bathroom-products/Douche_douche_5perbrand_20260213_122903.json
📤 Ready to send via Telegram

📦 New file ready: Kranen_kranen_5perbrand_20260213_122903.json
-rw-r--r-- 1 root root 12K Feb 13 12:39 /root/.openclaw/workspace/research/bathroom-products/Kranen_kranen_5perbrand_20260213_122903.json
📤 Ready to send via Telegram

📦 New file ready: Kranen_5perbrand_20260213_122903.json
-rw-r--r-- 1 root root 14K Feb 13 12:42 /root/.openclaw/workspace/research/bathroom-products/Kranen_5perbrand_20260213_122903.json
📤 Ready to send via Telegram

📦 New file ready: Toiletten_5perbrand_20260213_122903.json
-rw-r--r-- 1 root root 18K Feb 13 12:42 /root/.openclaw/workspace/research/bathroom-products/Toiletten_5perbrand_20260213_122903.json
📤 Ready to send via Telegram

📦 New file ready: Toiletten_nl-be_5perbrand_20260213_122903.json
-rw-r--r-- 1 root root 18K Feb 13 12:42 /root/.openclaw/workspace/research/bathroom-products/Toiletten_nl-be_5perbrand_20260213_122903.json
📤 Ready to send via Telegram

📦 New file ready: Wastafels_5perbrand_20260213_122903.json
-rw-r--r-- 1 root root 15K Feb 13 12:43 /root/.openclaw/workspace/research/bathroom-products/Wastafels_5perbrand_20260213_122903.json
📤 Ready to send via Telegram

📦 New file ready: Wastafels_nl-be_5perbrand_20260213_122903.json
-rw-r--r-- 1 root root 15K Feb 13 12:43 /root/.openclaw/workspace/research/bathroom-products/Wastafels_nl-be_5perbrand_20260213_122903.json
📤 Ready to send via Telegram

📦 New file ready: sawiday_5perbrand_20260213_124421.json
-rw-r--r-- 1 root root 161K Feb 13 12:44 /root/.openclaw/workspace/research/bathroom-products/sawiday_5perbrand_20260213_124421.json
📤 Ready to send via Telegram

📦 New file ready: Spiegels_spiegels_5perbrand_20260213_122903.json
-rw-r--r-- 1 root root 13K Feb 13 12:44 /root/.openclaw/workspace/research/bathroom-products/Spiegels_spiegels_5perbrand_20260213_122903.json
📤 Ready to send via Telegram

📦 New file ready: sawiday_ALL_5perbrand_20260213_122903.json
-rw-r--r-- 1 root root 153K Feb 13 12:46 /root/.openclaw/workspace/research/bathroom-products/sawiday_ALL_5perbrand_20260213_122903.json
📤 Ready to send via Telegram

📦 New file ready: Spiegels_5perbrand_20260213_122903.json
-rw-r--r-- 1 root root 36K Feb 13 12:46 /root/.openclaw/workspace/research/bathroom-products/Spiegels_5perbrand_20260213_122903.json
📤 Ready to send via Telegram

📦 New file ready: Baden_baden_5perbrand_20260213_140501.json
-rw-r--r-- 1 root root 28K Feb 13 14:06 /root/.openclaw/workspace/research/bathroom-products/Baden_baden_5perbrand_20260213_140501.json
📤 Ready to send via Telegram

📦 New file ready: Baden_5perbrand_20260213_140501.json
-rw-r--r-- 1 root root 31K Feb 13 14:11 /root/.openclaw/workspace/research/bathroom-products/Baden_5perbrand_20260213_140501.json
📤 Ready to send via Telegram

📦 New file ready: Douche_nl-be_5perbrand_20260213_140501.json
-rw-r--r-- 1 root root 15K Feb 13 14:11 /root/.openclaw/workspace/research/bathroom-products/Douche_nl-be_5perbrand_20260213_140501.json
📤 Ready to send via Telegram

📦 New file ready: Douche_5perbrand_20260213_140501.json
-rw-r--r-- 1 root root 33K Feb 13 14:13 /root/.openclaw/workspace/research/bathroom-products/Douche_5perbrand_20260213_140501.json
📤 Ready to send via Telegram

📦 New file ready: Douche_douche_5perbrand_20260213_140501.json
-rw-r--r-- 1 root root 18K Feb 13 14:13 /root/.openclaw/workspace/research/bathroom-products/Douche_douche_5perbrand_20260213_140501.json
📤 Ready to send via Telegram

📦 New file ready: Kranen_kranen_5perbrand_20260213_140501.json
-rw-r--r-- 1 root root 13K Feb 13 14:15 /root/.openclaw/workspace/research/bathroom-products/Kranen_kranen_5perbrand_20260213_140501.json
📤 Ready to send via Telegram

📦 New file ready: Kranen_5perbrand_20260213_140501.json
-rw-r--r-- 1 root root 15K Feb 13 14:18 /root/.openclaw/workspace/research/bathroom-products/Kranen_5perbrand_20260213_140501.json
📤 Ready to send via Telegram

📦 New file ready: Toiletten_5perbrand_20260213_140501.json
-rw-r--r-- 1 root root 18K Feb 13 14:19 /root/.openclaw/workspace/research/bathroom-products/Toiletten_5perbrand_20260213_140501.json
📤 Ready to send via Telegram

📦 New file ready: Toiletten_nl-be_5perbrand_20260213_140501.json
-rw-r--r-- 1 root root 18K Feb 13 14:19 /root/.openclaw/workspace/research/bathroom-products/Toiletten_nl-be_5perbrand_20260213_140501.json
📤 Ready to send via Telegram

📦 New file ready: Wastafels_nl-be_5perbrand_20260213_140501.json
-rw-r--r-- 1 root root 15K Feb 13 14:19 /root/.openclaw/workspace/research/bathroom-products/Wastafels_nl-be_5perbrand_20260213_140501.json
📤 Ready to send via Telegram

📦 New file ready: Wastafels_5perbrand_20260213_140501.json
-rw-r--r-- 1 root root 15K Feb 13 14:19 /root/.openclaw/workspace/research/bathroom-products/Wastafels_5perbrand_20260213_140501.json
📤 Ready to send via Telegram

📦 New file ready: Spiegels_spiegels_5perbrand_20260213_140501.json
-rw-r--r-- 1 root root 14K Feb 13 14:21 /root/.openclaw/workspace/research/bathroom-products/Spiegels_spiegels_5perbrand_20260213_140501.json
📤 Ready to send via Telegram

📦 New file ready: sawiday_ALL_5perbrand_20260213_140501.json
-rw-r--r-- 1 root root 151K Feb 13 14:23 /root/.openclaw/workspace/research/bathroom-products/sawiday_ALL_5perbrand_20260213_140501.json
📤 Ready to send via Telegram

📦 New file ready: Spiegels_5perbrand_20260213_140501.json
-rw-r--r-- 1 root root 39K Feb 13 14:23 /root/.openclaw/workspace/research/bathroom-products/Spiegels_5perbrand_20260213_140501.json
📤 Ready to send via Telegram
