[2026-02-06 09:37:28] ============================================================
[2026-02-06 09:37:28] MBA ENRICHMENT - CLASS SIZE DATA
[2026-02-06 09:37:28] ============================================================
[2026-02-06 09:37:28] 
[2026-02-06 09:37:28] 📊 Loaded 30 programs from database
[2026-02-06 09:37:28] ✓ Matched 0 programs with class size data
[2026-02-06 09:37:28] ✓ Saved to: /root/.openclaw/workspace/data/mba-enriched-final.csv
[2026-02-06 09:37:28] 
[2026-02-06 09:37:28] 📈 FINAL ENRICHMENT COVERAGE:
[2026-02-06 09:37:28] ============================================================
[2026-02-06 09:37:28]   acceptanceRate:  12/30 (40%)
[2026-02-06 09:37:28]   classSize:        0/30 (0%)
[2026-02-06 09:37:28]   avgSalaryPost:    2/30 (7%)
[2026-02-06 09:37:28]   fortuneRank (PQ):12/30 (40%)
[2026-02-06 09:37:28]   usNewsRank:      12/30 (40%)
[2026-02-06 09:37:28] ============================================================
[2026-02-06 09:37:28] 
[2026-02-06 09:37:28] ✅ MBA DATABASE ENRICHMENT COMPLETE
[2026-02-06 09:37:28] 📁 Final file: /root/.openclaw/workspace/data/mba-enriched-final.csv
[2026-02-06 09:37:28] 
