[2026-02-06 09:36:58] ============================================================
[2026-02-06 09:36:58] MBA ENRICHMENT - SALARY DATA
[2026-02-06 09:36:58] ============================================================
[2026-02-06 09:36:58] 
[2026-02-06 09:36:58] 📊 Loaded 30 programs from database
[2026-02-06 09:36:58] ✓ Matched: Master of Business Administration -> $203,176
[2026-02-06 09:36:58] ✓ Matched: Master of Business Administration -> $203,176
[2026-02-06 09:36:58] ✓ Matched 2 programs with salary data
[2026-02-06 09:36:58] ✓ Saved to: /root/.openclaw/workspace/data/mba-final-enriched.csv
[2026-02-06 09:36:58] 
[2026-02-06 09:36:58] 📈 Final Coverage Report:
[2026-02-06 09:36:58]   acceptanceRate: 12/30 (40.0%)
[2026-02-06 09:36:58]   classSize: 0/30 (0.0%)
[2026-02-06 09:36:58]   avgSalaryPost: 2/30 (6.7%)
[2026-02-06 09:36:58]   fortuneRank (PQ): 12/30 (40.0%)
[2026-02-06 09:36:58]   usNewsRank: 12/30 (40.0%)
[2026-02-06 09:36:58] 
[2026-02-06 09:36:58] ============================================================
[2026-02-06 09:36:58] COMPLETE
[2026-02-06 09:36:58] ============================================================
