[2026-02-06 08:25:20] ============================================================
[2026-02-06 08:25:20] MBA DATABASE ENRICHMENT V2 - find-mba.com URLs
[2026-02-06 08:25:20] ============================================================
[2026-02-06 08:25:20] 
📊 Loaded 728 programs
[2026-02-06 08:25:20]   Programs with find-mba.com URLs: 12
[2026-02-06 08:25:20]   Programs needing enrichment: 728
[2026-02-06 08:25:20] 
🚀 Processing first 20 programs...
[2026-02-06 08:25:20] 
[1/20] Online MBA
[2026-02-06 08:25:20]   → Missing: acceptanceRate, classSize, avgSalaryPost, usNewsRank, fortuneRank
[2026-02-06 08:25:20]   ⚠️ No find-mba.com URL found
[2026-02-06 08:25:21] 
[2/20] Online MBA
[2026-02-06 08:25:21]   → Missing: acceptanceRate, classSize, avgSalaryPost, usNewsRank, fortuneRank
[2026-02-06 08:25:21]   ⚠️ No find-mba.com URL found
[2026-02-06 08:25:22] 
[3/20] Kelley Direct Online MBA
[2026-02-06 08:25:22]   → Missing: acceptanceRate, classSize, avgSalaryPost, usNewsRank, fortuneRank
[2026-02-06 08:25:22]   ⚠️ No find-mba.com URL found
[2026-02-06 08:25:23] 
[4/20] Online MBA
[2026-02-06 08:25:23]   → Missing: acceptanceRate, classSize, avgSalaryPost, usNewsRank, fortuneRank
[2026-02-06 08:25:23]   ⚠️ No find-mba.com URL found
[2026-02-06 08:25:24] 
[5/20] Online MBA
[2026-02-06 08:25:24]   → Missing: acceptanceRate, classSize, avgSalaryPost, usNewsRank, fortuneRank
[2026-02-06 08:25:24]   ⚠️ No find-mba.com URL found
[2026-02-06 08:25:25] 
[6/20] Master of Business Administration
[2026-02-06 08:25:25]   → Missing: acceptanceRate, classSize, avgSalaryPost, usNewsRank, fortuneRank
[2026-02-06 08:25:25]   ⚠️ No find-mba.com URL found
[2026-02-06 08:25:26] 
[7/20] Master of Business Administration
[2026-02-06 08:25:26]   → Missing: acceptanceRate, classSize, avgSalaryPost, usNewsRank, fortuneRank
[2026-02-06 08:25:26]   ⚠️ No find-mba.com URL found
[2026-02-06 08:25:27] 
[8/20] Master of Business Administration
[2026-02-06 08:25:27]   → Missing: acceptanceRate, classSize, avgSalaryPost, usNewsRank, fortuneRank
[2026-02-06 08:25:27]   ⚠️ No find-mba.com URL found
[2026-02-06 08:25:28] 
[9/20] Master of Business Administration
[2026-02-06 08:25:28]   → Missing: acceptanceRate, classSize, avgSalaryPost, usNewsRank, fortuneRank
[2026-02-06 08:25:28]   ⚠️ No find-mba.com URL found
[2026-02-06 08:25:29] 
[10/20] Master of Business Administration
[2026-02-06 08:25:29]   → Missing: acceptanceRate, classSize, avgSalaryPost, usNewsRank, fortuneRank
[2026-02-06 08:25:29]   ⚠️ No find-mba.com URL found
[2026-02-06 08:25:30] 
[11/20] Online MBA
[2026-02-06 08:25:30]   → Missing: acceptanceRate, classSize, avgSalaryPost, usNewsRank, fortuneRank
[2026-02-06 08:25:30]   ⚠️ No find-mba.com URL found
[2026-02-06 08:25:31] 
[12/20] Master of Business Administration
[2026-02-06 08:25:31]   → Missing: acceptanceRate, classSize, avgSalaryPost, usNewsRank, fortuneRank
[2026-02-06 08:25:31]   ⚠️ No find-mba.com URL found
[2026-02-06 08:25:32] 
[13/20] Master of Business Administration
[2026-02-06 08:25:32]   → Missing: acceptanceRate, classSize, avgSalaryPost, usNewsRank, fortuneRank
[2026-02-06 08:25:32]   ⚠️ No find-mba.com URL found
[2026-02-06 08:25:33] 
[14/20] Master of Business Administration
[2026-02-06 08:25:33]   → Missing: acceptanceRate, classSize, avgSalaryPost, usNewsRank, fortuneRank
[2026-02-06 08:25:33]   ⚠️ No find-mba.com URL found
[2026-02-06 08:25:34] 
[15/20] Master of Business Administration
[2026-02-06 08:25:34]   → Missing: acceptanceRate, classSize, avgSalaryPost, usNewsRank, fortuneRank
[2026-02-06 08:25:34]   ⚠️ No find-mba.com URL found
[2026-02-06 08:25:35] 
[16/20] Master of Business Administration
[2026-02-06 08:25:35]   → Missing: acceptanceRate, classSize, avgSalaryPost, usNewsRank, fortuneRank
[2026-02-06 08:25:35]   ⚠️ No find-mba.com URL found
[2026-02-06 08:25:36] 
[17/20] Master of Business Administration
[2026-02-06 08:25:36]   → Missing: acceptanceRate, classSize, avgSalaryPost, usNewsRank, fortuneRank
[2026-02-06 08:25:36]   ⚠️ No find-mba.com URL found
[2026-02-06 08:25:37] 
[18/20] Master of Business Administration
[2026-02-06 08:25:37]   → Missing: acceptanceRate, classSize, avgSalaryPost, usNewsRank, fortuneRank
[2026-02-06 08:25:37]   ⚠️ No find-mba.com URL found
[2026-02-06 08:25:38] 
[19/20] Master of Business Administration
[2026-02-06 08:25:38]   → Missing: acceptanceRate, classSize, avgSalaryPost, usNewsRank, fortuneRank
[2026-02-06 08:25:38]   ⚠️ No find-mba.com URL found
[2026-02-06 08:25:39] 
[20/20] Master of Business Administration
[2026-02-06 08:25:39]   → Missing: acceptanceRate, classSize, avgSalaryPost, usNewsRank, fortuneRank
[2026-02-06 08:25:39]   ⚠️ No find-mba.com URL found
[2026-02-06 08:25:40] 
✓ Saved to: /root/.openclaw/workspace/data/mba-programs-enriched.csv
[2026-02-06 08:25:40]   Processed: 20 programs
[2026-02-06 08:25:40] 
📈 Fields filled:
[2026-02-06 08:25:40] 
============================================================
[2026-02-06 08:25:40] ENRICHMENT COMPLETE
[2026-02-06 08:25:40] ============================================================
