[2026-02-03 12:28:32] Calculating health score for post 889 on https://crashcasino.io/wp-json...
[2026-02-03 12:30:42] Calculating health score for post 889
[2026-02-03 16:04:13] Calculating health score for post 838
[2026-02-03 16:04:44] Calculating health score for post 838
[2026-02-03 16:04:45] Calculating health score for post 837
[2026-02-03 16:04:47] Calculating health score for post 836
[2026-02-03 16:04:48] Calculating health score for post 835
[2026-02-03 16:04:50] Calculating health score for post 834
[2026-02-03 16:04:51] Calculating health score for post 833
[2026-02-03 16:07:25] Calculating health score for post 838
[2026-02-03 16:07:27] Calculating health score for post 837
[2026-02-03 16:07:28] Calculating health score for post 836
[2026-02-03 16:07:29] Calculating health score for post 835
[2026-02-03 16:07:31] Calculating health score for post 834
[2026-02-03 16:07:32] Calculating health score for post 833
[2026-02-03 16:09:03] Calculating health score for post 838
[2026-02-03 16:09:04] Calculating health score for post 837
[2026-02-03 16:09:06] Calculating health score for post 836
[2026-02-03 16:09:07] Calculating health score for post 835
[2026-02-03 16:09:09] Calculating health score for post 834
[2026-02-03 16:09:11] Calculating health score for post 833
[2026-02-03 20:15:39] Calculating health score for post 855
[2026-02-03 20:17:27] Calculating health score for post 855
[2026-02-03 20:17:51] Calculating health score for post 855
[2026-02-03 20:24:55] 🚀 Publish request: Post #855 on crashcasino
[2026-02-03 20:24:56] Post found: Is Crash Gambling Rigged? Complete 2025 Fairness Guide (status: draft)
[2026-02-03 20:24:57] Calculating health score for post 855
[2026-02-03 20:24:58] Health score: 50/100
[2026-02-03 20:24:58] Attempting auto-fix for post 855
[2026-02-03 20:24:59] Auto-fix applied
[2026-02-03 20:25:00] Calculating health score for post 855
[2026-02-03 20:25:01] Score after auto-fix: 50/100
[2026-02-03 20:39:41] Calculating health score for post 855
[2026-02-03 21:03:49] Calculating health score for post 855
[2026-02-03 21:04:41] Calculating health score for post 855
[2026-02-03 21:04:57] Calculating health score for post 855
[2026-02-03 21:05:23] 🚀 Publish request: Post #855 on crashcasino
[2026-02-03 21:05:24] Post found: Is Crash Gambling Rigged? Complete 2025 Fairness Guide (status: draft)
[2026-02-03 21:05:25] Calculating health score for post 855
[2026-02-03 21:05:27] Health score: 50/100
[2026-02-03 21:05:27] Attempting auto-fix for post 855
[2026-02-03 21:05:28] Auto-fix applied
[2026-02-03 21:05:29] Calculating health score for post 855
[2026-02-03 21:05:30] Score after auto-fix: 50/100
[2026-02-03 21:05:53] 🚀 Publish request: Post #855 on crashcasino
[2026-02-03 21:05:54] Post found: Is Crash Gambling Rigged? Complete 2025 Fairness Guide (status: draft)
[2026-02-03 21:05:54] Calculating health score for post 855
[2026-02-03 21:05:56] Health score: 50/100
[2026-02-03 21:05:56] Attempting auto-fix for post 855
[2026-02-03 21:05:57] Auto-fix applied
[2026-02-03 21:05:58] Calculating health score for post 855
[2026-02-03 21:06:00] Score after auto-fix: 50/100
[2026-02-04 22:07:55] Calculating health score for post 1
[2026-02-04 22:11:17] Calculating health score for post 1
[2026-02-04 22:14:08] Calculating health score for post 1
[2026-02-04 22:15:40] Calculating health score for post 17711
[2026-02-04 22:17:04] Calculating health score for post 17711
[2026-02-04 22:17:13] 🚀 Publish request: Post #17711 on hobbysalon
[2026-02-04 22:17:15] Post found: DIY Mokken Versieren: Creatieve Ideeën &#038; Tips (status: publish)
[2026-02-04 22:22:56] Calculating health score for post 17711
[2026-02-04 22:24:31] 🚀 Publish request: Post #17711 on hobbysalon
[2026-02-04 22:24:34] Post found: DIY Mokken Versieren: Creatieve Ideeën &#038; Tips (status: publish)
[2026-02-04 22:39:46] Calculating health score for post 17711
[2026-02-04 22:40:38] Calculating health score for post 17711
[2026-02-04 22:47:39] Calculating health score for post 17711
[2026-02-04 22:48:36] Calculating health score for post 17711
[2026-02-04 22:51:19] Calculating health score for post 17711
[2026-02-05 08:48:04] Calculating health score for post 784
[2026-02-05 08:49:56] Calculating health score for post 784
[2026-02-05 08:50:24] Calculating health score for post 784
[2026-02-05 08:50:40] Calculating health score for post 784
[2026-02-05 08:51:43] Calculating health score for post 784
[2026-02-05 14:47:39] Calculating health score for post 990
[2026-02-05 14:48:04] 🚀 Publish request: Post #990 on crashcasino
[2026-02-05 14:48:04] Post found: Crash Predictor Bots: Do They Work or Are They a Scam? (2026) (status: draft)
[2026-02-05 14:48:06] Calculating health score for post 990
[2026-02-05 14:48:08] Health score: 45/100
[2026-02-05 14:48:08] Attempting auto-fix for post 990
[2026-02-05 14:48:09] Auto-fix applied
[2026-02-05 14:48:10] Calculating health score for post 990
[2026-02-05 14:48:12] Score after auto-fix: 45/100
[2026-02-10 07:52:48] Calculating health score for post 17711
[2026-02-10 08:04:37] Calculating health score for post 17711
[2026-02-10 08:05:12] Calculating health score for post 17711
[2026-02-10 21:17:33] Calculating health score for post 49741
[2026-02-10 21:17:42] Calculating health score for post 49741
[2026-02-11 12:42:11] Calculating health score for post 49751
[2026-02-11 12:42:27] 🚀 Publish request: Post #49751 on crashgame
[2026-02-11 12:42:28] Post found: null (status: null)
[2026-02-11 12:42:28] Calculating health score for post 49751
[2026-02-11 12:42:29] Health score: 0/100
[2026-02-11 12:42:29] Attempting auto-fix for post 49751
[2026-02-11 12:42:31] Auto-fix applied
[2026-02-11 12:42:31] Calculating health score for post 49751
[2026-02-11 12:42:32] Score after auto-fix: 0/100
[2026-02-11 14:12:05] 🚀 Publish request: Post #crashgame on /root/.openclaw/workspace/drafts/bustabit-formula-explained.md
[2026-02-11 14:14:30] Calculating health score for post 49757
[2026-02-11 14:14:50] Calculating health score for post 49757
[2026-02-11 14:15:28] Calculating health score for post 49757
[2026-02-11 14:15:36] 🚀 Publish request: Post #49757 on crashgame
[2026-02-11 14:15:36] Post found: null (status: null)
[2026-02-11 14:15:37] Calculating health score for post 49757
[2026-02-11 14:15:38] Health score: 0/100
[2026-02-11 14:15:38] Attempting auto-fix for post 49757
[2026-02-11 14:15:39] Auto-fix applied
[2026-02-11 14:15:40] Calculating health score for post 49757
[2026-02-11 14:15:41] Score after auto-fix: 0/100
[2026-02-16 12:53:40] Calculating health score for post 17711
[2026-02-16 12:53:50] Calculating health score for post 13922
